Running: C:\Xilinx\14.4\ISE_DS\ISE\bin\nt64\unwrapped\fuse.exe -intstyle ise -incremental -lib unisims_ver -lib unimacro_ver -lib xilinxcorelib_ver -lib secureip -o E:/Lab3_4-stage-pipeline/test_bench_4_stage_pipeline_isim_beh.exe -prj E:/Lab3_4-stage-pipeline/test_bench_4_stage_pipeline_beh.prj work.test_bench_4_stage_pipeline work.glbl 
ISim P.49d (signature 0x7708f090)
Number of CPUs detected in this system: 8
Turning on mult-threading, number of parallel sub-compilation jobs: 16 
Determining compilation order of HDL files
Analyzing Verilog file "C:/Users/HTANANDA001/Downloads/lab3/lab3_codes/Four stage pipeline codes/regfile.v" into library work
Analyzing Verilog file "C:/Users/HTANANDA001/Downloads/lab3/lab3_codes/Four stage pipeline codes/PC.v" into library work
Analyzing Verilog file "C:/Users/HTANANDA001/Downloads/lab3/lab3_codes/Four stage pipeline codes/memory.v" into library work
Analyzing Verilog file "C:/Users/HTANANDA001/Downloads/lab3/lab3_codes/Four stage pipeline codes/ID_EXEstage.v" into library work
Analyzing Verilog file "C:/Users/HTANANDA001/Downloads/lab3/lab3_codes/Four stage pipeline codes/EXE_WBstage.v" into library work
Analyzing Verilog file "C:/Users/HTANANDA001/Downloads/lab3/lab3_codes/Four stage pipeline codes/control.v" into library work
Analyzing Verilog file "C:/Users/HTANANDA001/Downloads/lab3/lab3_codes/Four stage pipeline codes/alu.v" into library work
Analyzing Verilog file "C:/Users/HTANANDA001/Downloads/lab3/lab3_codes/Four stage pipeline codes/pipelined_regfile_4stage.v" into library work
Analyzing Verilog file "C:/Users/HTANANDA001/Downloads/lab3/lab3_codes/Four stage pipeline codes/test_bench_4_stage_pipeline.v" into library work
Analyzing Verilog file "C:/Xilinx/14.4/ISE_DS/ISE//verilog/src/glbl.v" into library work
Starting static elaboration
Completed static elaboration
Compiling module PC1
Compiling module memory
Compiling module control
Compiling module regfile
Compiling module ID_EXE_stage
Compiling module alu
Compiling module EXE_WB_stage
Compiling module pipelined_regfile_4stage
Compiling module test_bench_4_stage_pipeline
Compiling module glbl
Time Resolution for simulation is 1ps.
Waiting for 1 sub-compilation(s) to finish...
Compiled 10 Verilog Units
Built simulation executable E:/Lab3_4-stage-pipeline/test_bench_4_stage_pipeline_isim_beh.exe
Fuse Memory Usage: 29872 KB
Fuse CPU Usage: 545 ms
