ISim log file
Running: E:\lab4_xavier\lab4_5stage\test_test_isim_beh.exe -intstyle ise -gui -tclbatch isim.cmd -wdb E:/lab4_xavier/lab4_5stage/test_test_isim_beh.wdb 
ISim P.49d (signature 0x7708f090)
This is a Full version of ISim.
Time resolution is 1 ps
# onerror resume
# wave add /
# run 1000 ns
Simulator is doing circuit initialization process.
Finished circuit initialization process.
Opening Fileid 0
Opening Fileid 1
ISim P.49d (signature 0x7708f090)
This is a Full version of ISim.
# run 1000 ns
Simulator is doing circuit initialization process.
Finished circuit initialization process.
Opening Fileid 0
Opening Fileid 1
ISim P.49d (signature 0x7708f090)
This is a Full version of ISim.
# run 1000 ns
Simulator is doing circuit initialization process.
Finished circuit initialization process.
Opening Fileid 0
Opening Fileid 1
ISim P.49d (signature 0x7708f090)
This is a Full version of ISim.
# run 1000 ns
Simulator is doing circuit initialization process.
Finished circuit initialization process.
Opening Fileid 0
Opening Fileid 1
